<?xml version="1.0" encoding="UTF-8"?>
<testsuite name="com.leen.aws.springboot.domain.posts.PostsRepositoryTest" tests="2" skipped="0" failures="0" errors="0" timestamp="2022-12-01T08:21:41" hostname="LAPTOP-DIVKP0IR" time="0.409">
  <properties/>
  <testcase name="게시글저장_불러오기" classname="com.leen.aws.springboot.domain.posts.PostsRepositoryTest" time="0.394"/>
  <testcase name="BaseTimeEntity_등록" classname="com.leen.aws.springboot.domain.posts.PostsRepositoryTest" time="0.014"/>
  <system-out><![CDATA[17:21:33.353 [Test worker] DEBUG org.springframework.test.annotation.ProfileValueUtils - Retrieved @ProfileValueSourceConfiguration [null] for test class [com.leen.aws.springboot.domain.posts.PostsRepositoryTest]
17:21:33.353 [Test worker] DEBUG org.springframework.test.annotation.ProfileValueUtils - Retrieved ProfileValueSource type [class org.springframework.test.annotation.SystemProfileValueSource] for class [com.leen.aws.springboot.domain.posts.PostsRepositoryTest]
17:21:33.354 [Test worker] DEBUG org.springframework.test.annotation.ProfileValueUtils - Retrieved @ProfileValueSourceConfiguration [null] for test class [com.leen.aws.springboot.domain.posts.PostsRepositoryTest]
17:21:33.354 [Test worker] DEBUG org.springframework.test.annotation.ProfileValueUtils - Retrieved ProfileValueSource type [class org.springframework.test.annotation.SystemProfileValueSource] for class [com.leen.aws.springboot.domain.posts.PostsRepositoryTest]
17:21:33.359 [Test worker] DEBUG org.springframework.test.context.support.AbstractDirtiesContextTestExecutionListener - Before test class: context [DefaultTestContext@2e999feb testClass = PostsRepositoryTest, testInstance = [null], testMethod = [null], testException = [null], mergedContextConfiguration = [WebMergedContextConfiguration@1457726f testClass = PostsRepositoryTest, locations = '{}', classes = '{class com.leen.aws.springboot.Application}', contextInitializerClasses = '[]', activeProfiles = '{}', propertySourceLocations = '{}', propertySourceProperties = '{org.springframework.boot.test.context.SpringBootTestContextBootstrapper=true}', contextCustomizers = set[org.springframework.boot.test.autoconfigure.properties.PropertyMappingContextCustomizer@0, org.springframework.boot.test.autoconfigure.web.servlet.WebDriverContextCustomizerFactory$Customizer@3f30cec8, org.springframework.boot.test.context.filter.ExcludeFilterContextCustomizer@777b51e0, org.springframework.boot.test.json.DuplicateJsonObjectContextCustomizerFactory$DuplicateJsonObjectContextCustomizer@434ddff4, org.springframework.boot.test.mock.mockito.MockitoContextCustomizer@0, org.springframework.boot.test.web.client.TestRestTemplateContextCustomizer@2c0ab312], resourceBasePath = 'src/main/webapp', contextLoader = 'org.springframework.boot.test.context.SpringBootContextLoader', parent = [null]], attributes = map['org.springframework.test.context.web.ServletTestExecutionListener.activateListener' -> true]], class annotated with @DirtiesContext [false] with mode [null].
17:21:33.359 [Test worker] DEBUG org.springframework.test.annotation.ProfileValueUtils - Retrieved @ProfileValueSourceConfiguration [null] for test class [com.leen.aws.springboot.domain.posts.PostsRepositoryTest]
17:21:33.359 [Test worker] DEBUG org.springframework.test.annotation.ProfileValueUtils - Retrieved ProfileValueSource type [class org.springframework.test.annotation.SystemProfileValueSource] for class [com.leen.aws.springboot.domain.posts.PostsRepositoryTest]
17:21:33.383 [Test worker] DEBUG org.springframework.test.context.support.TestPropertySourceUtils - Adding inlined properties to environment: {spring.jmx.enabled=false, org.springframework.boot.test.context.SpringBootTestContextBootstrapper=true, server.port=-1}

  .   ____          _            __ _ _
 /\\ / ___'_ __ _ _(_)_ __  __ _ \ \ \ \
( ( )\___ | '_ | '_| | '_ \/ _` | \ \ \ \
 \\/  ___)| |_)| | | | | || (_| |  ) ) ) )
  '  |____| .__|_| |_|_| |_\__, | / / / /
 =========|_|==============|___/=/_/_/_/
 :: Spring Boot ::        (v2.1.7.RELEASE)

2022-12-01 17:21:33.659  INFO 8548 --- [    Test worker] c.l.a.s.d.posts.PostsRepositoryTest      : Starting PostsRepositoryTest on LAPTOP-DIVKP0IR with PID 8548 (started by LEE in C:\lecture\workspace_list\springboot-webservice)
2022-12-01 17:21:33.660  INFO 8548 --- [    Test worker] c.l.a.s.d.posts.PostsRepositoryTest      : No active profile set, falling back to default profiles: default
2022-12-01 17:21:34.545  INFO 8548 --- [    Test worker] .s.d.r.c.RepositoryConfigurationDelegate : Bootstrapping Spring Data repositories in DEFAULT mode.
2022-12-01 17:21:34.624  INFO 8548 --- [    Test worker] .s.d.r.c.RepositoryConfigurationDelegate : Finished Spring Data repository scanning in 70ms. Found 2 repository interfaces.
2022-12-01 17:21:35.180  INFO 8548 --- [    Test worker] trationDelegate$BeanPostProcessorChecker : Bean 'org.springframework.transaction.annotation.ProxyTransactionManagementConfiguration' of type [org.springframework.transaction.annotation.ProxyTransactionManagementConfiguration$$EnhancerBySpringCGLIB$$22f90200] is not eligible for getting processed by all BeanPostProcessors (for example: not eligible for auto-proxying)
2022-12-01 17:21:35.570  INFO 8548 --- [    Test worker] com.zaxxer.hikari.HikariDataSource       : HikariPool-1 - Starting...
2022-12-01 17:21:35.856  INFO 8548 --- [    Test worker] com.zaxxer.hikari.HikariDataSource       : HikariPool-1 - Start completed.
2022-12-01 17:21:35.991  INFO 8548 --- [    Test worker] o.hibernate.jpa.internal.util.LogHelper  : HHH000204: Processing PersistenceUnitInfo [
	name: default
	...]
2022-12-01 17:21:36.135  INFO 8548 --- [    Test worker] org.hibernate.Version                    : HHH000412: Hibernate Core {5.3.10.Final}
2022-12-01 17:21:36.138  INFO 8548 --- [    Test worker] org.hibernate.cfg.Environment            : HHH000206: hibernate.properties not found
2022-12-01 17:21:36.446  INFO 8548 --- [    Test worker] o.hibernate.annotations.common.Version   : HCANN000001: Hibernate Commons Annotations {5.0.4.Final}
2022-12-01 17:21:36.702  INFO 8548 --- [    Test worker] org.hibernate.dialect.Dialect            : HHH000400: Using dialect: org.hibernate.dialect.MySQL5InnoDBDialect
Hibernate: drop table if exists posts
Hibernate: drop table if exists user
Hibernate: create table posts (id bigint not null auto_increment, created_date datetime, modified_date datetime, author varchar(255), content TEXT not null, title varchar(500) not null, primary key (id)) engine=InnoDB
Hibernate: create table user (id bigint not null auto_increment, created_date datetime, modified_date datetime, email varchar(255) not null, name varchar(255) not null, picture varchar(255), role varchar(255) not null, primary key (id)) engine=InnoDB
2022-12-01 17:21:37.843  INFO 8548 --- [    Test worker] o.h.t.schema.internal.SchemaCreatorImpl  : HHH000476: Executing import script 'org.hibernate.tool.schema.internal.exec.ScriptSourceInputNonExistentImpl@77da800b'
2022-12-01 17:21:37.851  INFO 8548 --- [    Test worker] j.LocalContainerEntityManagerFactoryBean : Initialized JPA EntityManagerFactory for persistence unit 'default'
2022-12-01 17:21:38.622  INFO 8548 --- [    Test worker] o.h.h.i.QueryTranslatorFactoryInitiator  : HHH000397: Using ASTQueryTranslatorFactory
2022-12-01 17:21:39.578  INFO 8548 --- [    Test worker] o.s.s.web.DefaultSecurityFilterChain     : Creating filter chain: any request, [org.springframework.security.web.context.request.async.WebAsyncManagerIntegrationFilter@75bc0143, org.springframework.security.web.context.SecurityContextPersistenceFilter@39b9ed53, org.springframework.security.web.header.HeaderWriterFilter@4fe1cd96, org.springframework.security.web.authentication.logout.LogoutFilter@24f0460e, org.springframework.security.oauth2.client.web.OAuth2AuthorizationRequestRedirectFilter@4ad452fd, org.springframework.security.oauth2.client.web.OAuth2LoginAuthenticationFilter@54015aec, org.springframework.security.web.authentication.ui.DefaultLoginPageGeneratingFilter@43c42c9, org.springframework.security.web.authentication.ui.DefaultLogoutPageGeneratingFilter@7a7fd8f2, org.springframework.security.web.savedrequest.RequestCacheAwareFilter@3e30c21f, org.springframework.security.web.servletapi.SecurityContextHolderAwareRequestFilter@6e2b954f, org.springframework.security.web.authentication.AnonymousAuthenticationFilter@5480557c, org.springframework.security.web.session.SessionManagementFilter@7691bbc, org.springframework.security.web.access.ExceptionTranslationFilter@7d605874, org.springframework.security.web.access.intercept.FilterSecurityInterceptor@2ef29ad]
2022-12-01 17:21:40.209  INFO 8548 --- [    Test worker] o.s.s.concurrent.ThreadPoolTaskExecutor  : Initializing ExecutorService 'applicationTaskExecutor'
2022-12-01 17:21:40.295  WARN 8548 --- [    Test worker] aWebConfiguration$JpaWebMvcConfiguration : spring.jpa.open-in-view is enabled by default. Therefore, database queries may be performed during view rendering. Explicitly configure spring.jpa.open-in-view to disable this warning
2022-12-01 17:21:40.352  INFO 8548 --- [    Test worker] o.s.b.a.w.s.WelcomePageHandlerMapping    : Adding welcome page template: index
2022-12-01 17:21:41.197  INFO 8548 --- [    Test worker] s.a.ScheduledAnnotationBeanPostProcessor : No TaskScheduler/ScheduledExecutorService bean found for scheduled processing
2022-12-01 17:21:41.217  INFO 8548 --- [    Test worker] c.l.a.s.d.posts.PostsRepositoryTest      : Started PostsRepositoryTest in 7.824 seconds (JVM running for 9.109)
Hibernate: insert into posts (created_date, modified_date, author, content, title) values (?, ?, ?, ?, ?)
Hibernate: select posts0_.id as id1_0_, posts0_.created_date as created_2_0_, posts0_.modified_date as modified3_0_, posts0_.author as author4_0_, posts0_.content as content5_0_, posts0_.title as title6_0_ from posts posts0_
Hibernate: select posts0_.id as id1_0_, posts0_.created_date as created_2_0_, posts0_.modified_date as modified3_0_, posts0_.author as author4_0_, posts0_.content as content5_0_, posts0_.title as title6_0_ from posts posts0_
Hibernate: delete from posts where id=?
Hibernate: insert into posts (created_date, modified_date, author, content, title) values (?, ?, ?, ?, ?)
Hibernate: select posts0_.id as id1_0_, posts0_.created_date as created_2_0_, posts0_.modified_date as modified3_0_, posts0_.author as author4_0_, posts0_.content as content5_0_, posts0_.title as title6_0_ from posts posts0_
>>>>>>>>> createDate=2022-12-01T17:21:41.647, modifiedDate=2022-12-01T17:21:41.647
Hibernate: select posts0_.id as id1_0_, posts0_.created_date as created_2_0_, posts0_.modified_date as modified3_0_, posts0_.author as author4_0_, posts0_.content as content5_0_, posts0_.title as title6_0_ from posts posts0_
Hibernate: delete from posts where id=?
]]></system-out>
  <system-err><![CDATA[]]></system-err>
</testsuite>
